
【INFO】:2020-09-23T06:51:50>>>>auto
【INFO】:2020-09-24T05:50:56>>>>auto
【DEBUG】:2020-09-24T05:55:15>>>>          特征点号 方向  ...  LNBMCUAK5LT110564.1  LNBMCUAK9LT110342.1
index              ...                                          
4      KN0001L  X  ...             1.705938             1.855938
10     KN0003L  X  ...             0.556398             0.181398

[2 rows x 10 columns]
【INFO】:2020-09-24T05:57:18>>>>auto
【INFO】:2020-09-24T06:03:39>>>>auto
【INFO】:2020-09-24T14:57:23>>>>auto
【INFO】:2020-09-24T14:59:08>>>>auto
【INFO】:2020-09-24T15:04:06>>>>auto
【INFO】:2020-09-24T15:21:46>>>>auto
【INFO】:2020-09-24T15:30:05>>>>auto
【INFO】:2020-09-24T15:34:52>>>>auto
【INFO】:2020-09-25T05:45:27>>>>auto
【INFO】:2020-09-25T22:08:46>>>>auto
【INFO】:2020-09-25T22:33:15>>>>auto
【INFO】:2020-09-26T06:40:10>>>>manual
【INFO】:2020-09-26T06:40:34>>>>auto